\BOOKMARK [1][-]{section.1}{\376\377\000I\000n\000t\000r\000o\000d\000u\000c\000t\000i\000o\000n}{}% 1
\BOOKMARK [1][-]{section.2}{\376\377\000B\000a\000c\000k\000g\000r\000o\000u\000n\000d}{}% 2
\BOOKMARK [1][-]{section.3}{\376\377\000V\000e\000r\000i\000f\000i\000c\000a\000t\000i\000o\000n\000\040\000C\000o\000m\000p\000l\000e\000x\000i\000t\000y\000\040\000F\000r\000a\000m\000e\000w\000o\000r\000k}{}% 3
\BOOKMARK [1][-]{section.4}{\376\377\000M\000a\000i\000n\000\040\000R\000e\000s\000u\000l\000t\000s}{}% 4
\BOOKMARK [2][-]{subsection.4.1}{\376\377\000T\000h\000e\000\040\000V\000e\000r\000i\000f\000i\000c\000a\000t\000i\000o\000n\000\040\000A\000d\000v\000a\000n\000t\000a\000g\000e\000\040\000T\000h\000e\000o\000r\000e\000m}{section.4}% 5
\BOOKMARK [2][-]{subsection.4.2}{\376\377\000T\000h\000e\000\040\000S\000e\000l\000f\000-\000C\000o\000n\000s\000i\000s\000t\000e\000n\000c\000y\000\040\000C\000o\000n\000d\000i\000t\000i\000o\000n}{section.4}% 6
\BOOKMARK [2][-]{subsection.4.3}{\376\377\000G\000a\000p\000\040\000C\000o\000l\000l\000a\000p\000s\000e\000\040\000f\000o\000r\000\040\000P\000l\000a\000n\000n\000i\000n\000g}{section.4}% 7
\BOOKMARK [1][-]{section.5}{\376\377\000V\000e\000r\000i\000f\000i\000c\000a\000t\000i\000o\000n\000\040\000C\000o\000m\000p\000l\000e\000x\000i\000t\000y\000\040\000T\000a\000x\000o\000n\000o\000m\000y}{}% 8
\BOOKMARK [1][-]{section.6}{\376\377\000E\000x\000p\000e\000r\000i\000m\000e\000n\000t\000a\000l\000\040\000V\000a\000l\000i\000d\000a\000t\000i\000o\000n}{}% 9
\BOOKMARK [2][-]{subsection.6.1}{\376\377\000E\000x\000p\000e\000r\000i\000m\000e\000n\000t\000a\000l\000\040\000D\000e\000s\000i\000g\000n}{section.6}% 10
\BOOKMARK [2][-]{subsection.6.2}{\376\377\000W\000i\000t\000h\000i\000n\000-\000M\000o\000d\000e\000l\000\040\000S\000e\000l\000f\000-\000C\000o\000n\000s\000i\000s\000t\000e\000n\000c\000y\000\040\000i\000s\000\040\000U\000n\000i\000v\000e\000r\000s\000a\000l\000l\000y\000\040\000B\000o\000u\000n\000d\000e\000d}{section.6}% 11
\BOOKMARK [2][-]{subsection.6.3}{\376\377\000T\000h\000e\000\040\000A\000r\000c\000h\000i\000t\000e\000c\000t\000u\000r\000a\000l\000\040\000B\000a\000r\000r\000i\000e\000r\000:\000\040\000W\000i\000t\000h\000i\000n\000-\000\040\000v\000s\000.\000\040\000B\000e\000t\000w\000e\000e\000n\000-\000M\000o\000d\000e\000l\000\040\000C\000o\000r\000r\000e\000l\000a\000t\000i\000o\000n}{section.6}% 12
\BOOKMARK [2][-]{subsection.6.4}{\376\377\000M\000o\000d\000e\000l\000\040\000D\000i\000v\000e\000r\000s\000i\000t\000y\000\040\000a\000s\000\040\000t\000h\000e\000\040\000P\000a\000t\000h\000\040\000t\000o\000\040\000I\000m\000p\000r\000o\000v\000e\000m\000e\000n\000t}{section.6}% 13
\BOOKMARK [2][-]{subsection.6.5}{\376\377\000P\000r\000e\000-\000R\000e\000g\000i\000s\000t\000r\000a\000t\000i\000o\000n\000\040\000O\000u\000t\000c\000o\000m\000e\000s}{section.6}% 14
\BOOKMARK [2][-]{subsection.6.6}{\376\377\000C\000r\000o\000s\000s\000-\000M\000o\000d\000e\000l\000\040\000V\000e\000r\000i\000f\000i\000c\000a\000t\000i\000o\000n\000\040\000\050\000E\000x\000p\000e\000r\000i\000m\000e\000n\000t\000\040\0004\000\051}{section.6}% 15
\BOOKMARK [2][-]{subsection.6.7}{\376\377\000D\000i\000s\000c\000u\000s\000s\000i\000o\000n\000\040\000o\000f\000\040\000R\000e\000s\000u\000l\000t\000s}{section.6}% 16
\BOOKMARK [1][-]{section.7}{\376\377\000I\000m\000p\000l\000i\000c\000a\000t\000i\000o\000n\000s\000\040\000f\000o\000r\000\040\000S\000c\000a\000l\000a\000b\000l\000e\000\040\000O\000v\000e\000r\000s\000i\000g\000h\000t}{}% 17
\BOOKMARK [1][-]{section.8}{\376\377\000R\000e\000l\000a\000t\000e\000d\000\040\000W\000o\000r\000k}{}% 18
\BOOKMARK [1][-]{section.9}{\376\377\000D\000i\000s\000c\000u\000s\000s\000i\000o\000n}{}% 19
\BOOKMARK [1][-]{section.10}{\376\377\000C\000o\000n\000c\000l\000u\000s\000i\000o\000n}{}% 20
\BOOKMARK [1][-]{appendix.A}{\376\377\000P\000r\000o\000o\000f\000\040\000D\000e\000t\000a\000i\000l\000s}{}% 21
\BOOKMARK [2][-]{subsection.A.1}{\376\377\000S\000u\000p\000p\000o\000r\000t\000i\000n\000g\000\040\000L\000e\000m\000m\000a\000s}{appendix.A}% 22
\BOOKMARK [2][-]{subsection.A.2}{\376\377\000E\000x\000t\000e\000n\000d\000e\000d\000\040\000P\000r\000o\000o\000f\000\040\000o\000f\000\040\000T\000h\000e\000o\000r\000e\000m\000\040\0002}{appendix.A}% 23
\BOOKMARK [2][-]{subsection.A.3}{\376\377\000P\000r\000o\000o\000f\000\040\000o\000f\000\040\000G\000a\000p\000\040\000C\000o\000l\000l\000a\000p\000s\000e\000\040\000S\000h\000a\000r\000p\000n\000e\000s\000s}{appendix.A}% 24
\BOOKMARK [2][-]{subsection.A.4}{\376\377\000V\000e\000r\000i\000f\000y\000i\000n\000g\000\040\000A\000s\000s\000u\000m\000p\000t\000i\000o\000n\000\040\0002\0001\000\040\000f\000o\000r\000\040\0003\000-\000S\000A\000T\000\040\000a\000t\000\040\000t\000h\000e\000\040\000C\000r\000i\000t\000i\000c\000a\000l\000\040\000R\000a\000t\000i\000o}{appendix.A}% 25
\BOOKMARK [1][-]{appendix.B}{\376\377\000E\000x\000p\000e\000r\000i\000m\000e\000n\000t\000a\000l\000\040\000D\000e\000t\000a\000i\000l\000s}{}% 26
\BOOKMARK [2][-]{subsection.B.1}{\376\377\000B\000e\000n\000c\000h\000m\000a\000r\000k\000\040\000T\000a\000s\000k\000s}{appendix.B}% 27
\BOOKMARK [2][-]{subsection.B.2}{\376\377\000M\000o\000d\000e\000l\000\040\000C\000o\000n\000f\000i\000g\000u\000r\000a\000t\000i\000o\000n}{appendix.B}% 28
\BOOKMARK [2][-]{subsection.B.3}{\376\377\000I\000n\000s\000t\000a\000n\000c\000e\000\040\000C\000o\000u\000n\000t\000s\000\040\000a\000n\000d\000\040\000P\000o\000w\000e\000r\000\040\000A\000n\000a\000l\000y\000s\000i\000s}{appendix.B}% 29
\BOOKMARK [2][-]{subsection.B.4}{\376\377\000S\000t\000a\000t\000i\000s\000t\000i\000c\000a\000l\000\040\000A\000n\000a\000l\000y\000s\000i\000s\000\040\000P\000l\000a\000n}{appendix.B}% 30
\BOOKMARK [2][-]{subsection.B.5}{\376\377\000C\000o\000m\000p\000u\000t\000e\000\040\000B\000u\000d\000g\000e\000t}{appendix.B}% 31
\BOOKMARK [2][-]{subsection.B.6}{\376\377\000R\000e\000p\000r\000o\000d\000u\000c\000i\000b\000i\000l\000i\000t\000y}{appendix.B}% 32
